[debug] [2025-07-04T18:56:34.560Z] ----------------------------------------------------------------------
[debug] [2025-07-04T18:56:34.563Z] Command:       /usr/local/bin/node /usr/local/bin/firebase init
[debug] [2025-07-04T18:56:34.564Z] CLI Version:   13.4.1
[debug] [2025-07-04T18:56:34.564Z] Platform:      darwin
[debug] [2025-07-04T18:56:34.565Z] Node Version:  v18.15.0
[debug] [2025-07-04T18:56:34.566Z] Time:          Fri Jul 04 2025 11:56:34 GMT-0700 (Pacific Daylight Time)
[debug] [2025-07-04T18:56:34.566Z] ----------------------------------------------------------------------
[debug] 
[debug] [2025-07-04T18:56:34.575Z] > command requires scopes: ["email","openid","https://www.googleapis.com/auth/cloudplatformprojects.readonly","https://www.googleapis.com/auth/firebase","https://www.googleapis.com/auth/cloud-platform"]
[debug] [2025-07-04T18:56:34.576Z] > authorizing via signed-in user (cherishedheart12@gmail.com)
[info] 
     ######## #### ########  ######## ########     ###     ######  ########
     ##        ##  ##     ## ##       ##     ##  ##   ##  ##       ##
     ######    ##  ########  ######   ########  #########  ######  ######
     ##        ##  ##    ##  ##       ##     ## ##     ##       ## ##
     ##       #### ##     ## ######## ########  ##     ##  ######  ########

You're about to initialize a Firebase project in this directory:

  /Users/bethanystanley/Desktop/bbt-app

[info] 
=== Project Setup
[info] 
[info] First, let's associate this project directory with a Firebase project.
[info] You can create multiple project aliases by running firebase use --add, 
[info] but for now we'll just set up a default project.
[info] 
[info] i  If you want to create a project in a Google Cloud organization or folder, please use "firebase projects:create" instead, and return to this command when you've created the project. 
[debug] [2025-07-04T18:57:00.829Z] >>> [apiv2][query] POST https://cloudresourcemanager.googleapis.com/v1/projects [none]
[debug] [2025-07-04T18:57:00.830Z] >>> [apiv2][body] POST https://cloudresourcemanager.googleapis.com/v1/projects {"projectId":"fertilityapp1","name":"fertility-tracker"}
[debug] [2025-07-04T18:57:01.163Z] <<< [apiv2][status] POST https://cloudresourcemanager.googleapis.com/v1/projects 409
[debug] [2025-07-04T18:57:01.163Z] <<< [apiv2][body] POST https://cloudresourcemanager.googleapis.com/v1/projects {"error":{"code":409,"message":"Requested entity already exists","status":"ALREADY_EXISTS"}}
[debug] [2025-07-04T18:57:01.295Z] FirebaseError: HTTP Error: 409, Requested entity already exists
    at responseToError (/usr/local/lib/node_modules/firebase-tools/lib/responseToError.js:49:12)
    at RetryOperation._fn (/usr/local/lib/node_modules/firebase-tools/lib/apiv2.js:297:77)
    at process.processTicksAndRejections (node:internal/process/task_queues:95:5)
[error] 
[error] Error: Failed to create project because there is already a project with ID fertilityapp1. Please try again with a unique project ID.
